<?xml version="1.0" encoding="UTF-8"?>
<testng-results skipped="0" failed="0" total="1" passed="1">
  <reporter-output>
  </reporter-output>
  <suite name="Default suite" duration-ms="99549" started-at="2019-04-26T10:46:56Z" finished-at="2019-04-26T10:48:35Z">
    <groups>
    </groups>
    <test name="Default test" duration-ms="99549" started-at="2019-04-26T10:46:56Z" finished-at="2019-04-26T10:48:35Z">
      <class name="testscripts.TC003_ComparePrdTest">
        <test-method status="PASS" signature="setUp()[pri:0, instance:testscripts.TC003_ComparePrdTest@3ac3fd8b]" name="setUp" is-config="true" duration-ms="10048" started-at="2019-04-26T16:16:56Z" finished-at="2019-04-26T16:17:06Z">
          <reporter-output>
          </reporter-output>
        </test-method> <!-- setUp -->
        <test-method status="PASS" signature="testMe()[pri:0, instance:testscripts.TC003_ComparePrdTest@3ac3fd8b]" name="testMe" duration-ms="88174" started-at="2019-04-26T16:17:06Z" finished-at="2019-04-26T16:18:34Z">
          <reporter-output>
          </reporter-output>
        </test-method> <!-- testMe -->
        <test-method status="PASS" signature="tearDown()[pri:0, instance:testscripts.TC003_ComparePrdTest@3ac3fd8b]" name="tearDown" is-config="true" duration-ms="1309" started-at="2019-04-26T16:18:34Z" finished-at="2019-04-26T16:18:35Z">
          <reporter-output>
          </reporter-output>
        </test-method> <!-- tearDown -->
      </class> <!-- testscripts.TC003_ComparePrdTest -->
    </test> <!-- Default test -->
  </suite> <!-- Default suite -->
</testng-results>
